{"C:\\TEMP\\Programming\\test_jobs\\1tv\\src\\constants.js": {"path":"C:\\TEMP\\Programming\\test_jobs\\1tv\\src\\constants.js","statementMap":{"0":{"start":{"line":1,"column":25},"end":{"line":1,"column":41}},"1":{"start":{"line":2,"column":29},"end":{"line":2,"column":36}},"2":{"start":{"line":3,"column":22},"end":{"line":3,"column":53}}},"fnMap":{},"branchMap":{},"s":{"0":1,"1":1,"2":1},"f":{},"b":{},"_coverageSchema":"43e27e138ebf9cfc5966b082cf9a028302ed4184","hash":"d73abf90a02a4998db71f351e4475e388bc33fd8"}
}
